Temp/gradleOut/GooglePlayGamesManifest.plugin/build/outputs/logs/manifest-merger-release-report.txt
-- Merging decision tree log ---
manifest
ADDED from gradleOut/GooglePlayGamesManifest.plugin/AndroidManifest.xml:4:1-28:12
INJECTED from gradleOut/GooglePlayGamesManifest.plugin/AndroidManifest.xml:4:1-28:12
INJECTED from gradleOut/GooglePlayGamesManifest.plugin/AndroidManifest.xml:4:1-28:12
INJECTED from gradleOut/GooglePlayGamesManifest.plugin/AndroidManifest.xml:4:1-28:12
INJECTED from gradleOut/GooglePlayGamesManifest.plugin/AndroidManifest.xml:4:1-28:12
INJECTED from gradleOut/GooglePlayGamesManifest.plugin/AndroidManifest.xml:4:1-28:12
INJECTED from gradleOut/GooglePlayGamesManifest.plugin/AndroidManifest.xml:4:1-28:12
	package
		ADDED from gradleOut/GooglePlayGamesManifest.plugin/AndroidManifest.xml:5:5-51
		INJECTED from gradleOut/GooglePlayGamesManifest.plugin/AndroidManifest.xml
		INJECTED from gradleOut/GooglePlayGamesManifest.plugin/AndroidManifest.xml
	android:versionName
		ADDED from gradleOut/GooglePlayGamesManifest.plugin/AndroidManifest.xml:7:5-30
		INJECTED from gradleOut/GooglePlayGamesManifest.plugin/AndroidManifest.xml
		INJECTED from gradleOut/GooglePlayGamesManifest.plugin/AndroidManifest.xml
	xmlns:android
		ADDED from gradleOut/GooglePlayGamesManifest.plugin/AndroidManifest.xml:4:11-69
	android:versionCode
		ADDED from gradleOut/GooglePlayGamesManifest.plugin/AndroidManifest.xml:6:5-28
		INJECTED from gradleOut/GooglePlayGamesManifest.plugin/AndroidManifest.xml
		INJECTED from gradleOut/GooglePlayGamesManifest.plugin/AndroidManifest.xml
uses-sdk
ADDED from gradleOut/GooglePlayGamesManifest.plugin/AndroidManifest.xml:9:5-44
INJECTED from gradleOut/GooglePlayGamesManifest.plugin/AndroidManifest.xml:9:5-44
INJECTED from gradleOut/GooglePlayGamesManifest.plugin/AndroidManifest.xml:9:5-44
	android:targetSdkVersion
		INJECTED from gradleOut/GooglePlayGamesManifest.plugin/AndroidManifest.xml
		ADDED from gradleOut/GooglePlayGamesManifest.plugin/AndroidManifest.xml:9:5-44
		INJECTED from gradleOut/GooglePlayGamesManifest.plugin/AndroidManifest.xml
	android:minSdkVersion
		ADDED from gradleOut/GooglePlayGamesManifest.plugin/AndroidManifest.xml:9:15-41
application
ADDED from gradleOut/GooglePlayGamesManifest.plugin/AndroidManifest.xml:13:5-27:19
meta-data#com.google.android.gms.games.APP_ID
ADDED from gradleOut/GooglePlayGamesManifest.plugin/AndroidManifest.xml:18:9-19:49
	android:value
		ADDED from gradleOut/GooglePlayGamesManifest.plugin/AndroidManifest.xml:19:13-46
	android:name
		ADDED from gradleOut/GooglePlayGamesManifest.plugin/AndroidManifest.xml:18:20-70
meta-data#com.google.android.gms.games.unityVersion
ADDED from gradleOut/GooglePlayGamesManifest.plugin/AndroidManifest.xml:22:9-23:43
	android:value
		ADDED from gradleOut/GooglePlayGamesManifest.plugin/AndroidManifest.xml:23:13-40
	android:name
		ADDED from gradleOut/GooglePlayGamesManifest.plugin/AndroidManifest.xml:22:20-76
activity#com.google.games.bridge.NativeBridgeActivity
ADDED from gradleOut/GooglePlayGamesManifest.plugin/AndroidManifest.xml:25:9-26:86
	android:theme
		ADDED from gradleOut/GooglePlayGamesManifest.plugin/AndroidManifest.xml:26:13-83
	android:name
		ADDED from gradleOut/GooglePlayGamesManifest.plugin/AndroidManifest.xml:25:19-78